<?xml version="1.0" encoding="UTF-8"?>
<!-- Generated by org.testng.reporters.JUnitReportReporter -->
<testsuite hostname="MSI" failures="0" tests="2" name="SmitchCare.SmitchCareHybridApp" time="73.722" errors="0" timestamp="2024-06-27T19:15:25 IST" skipped="0">
  <testcase classname="SmitchCare.SmitchCareHybridApp" name="login" time="1.130"/>
  <system-out/>
  <testcase classname="SmitchCare.SmitchCareHybridApp" name="moodFunctionality" time="72.592"/>
  <system-out/>
</testsuite> <!-- SmitchCare.SmitchCareHybridApp -->
